Arguments: 
  C:\Program Files\nodejs\node.exe C:\Program Files (x86)\Yarn\bin\yarn.js

PATH: 
  C:\ProgramData\DockerDesktop\version-bin;C:\Program Files\Docker\Docker\Resources\bin;C:\Program Files (x86)\Common Files\Oracle\Java\javapath;C:\ProgramData\Oracle\Java\javapath;C:\windows\system32;C:\windows;C:\windows\System32\Wbem;C:\windows\System32\WindowsPowerShell\v1.0\;C:\Program Files (x86)\IBM\Client Access\Emulator;C:\Program Files (x86)\IBM\Client Access\Shared;C:\Program Files (x86)\IBM\Client Access\;C:\Users\Administrator\AppData\Local\Microsoft\WindowsApps;C:\WOSAPRN;C:\WFINPRTR;C:\Users\D-TKalaitzidis\.dnx\bin;C:\Program Files\Microsoft DNX\Dnvm\;C:\Program Files\Microsoft SQL Server\120\Tools\Binn\;C:\Program Files\Microsoft SQL Server\130\Tools\Binn\;C:\Program Files (x86)\Microsoft SQL Server\Client SDK\ODBC\130\Tools\Binn\;C:\Program Files (x86)\Microsoft SQL Server\130\Tools\Binn\;C:\Program Files (x86)\Microsoft SQL Server\130\DTS\Binn\;C:\Program Files (x86)\Microsoft SQL Server\130\Tools\Binn\ManagementStudio\;C:\Program Files\TortoiseSVN\bin;C:\Program Files (x86)\Yarn\bin;C:\Program Files\Git\cmd;C:\Program Files\nodejs\;C:\Users\D-TKalaitzidis\AppData\Roaming\npm;C:\Program Files\Microsoft SQL Server\Client SDK\ODBC\110\Tools\Binn\;C:\Program Files (x86)\Microsoft SQL Server\120\Tools\Binn\ManagementStudio\;C:\Program Files (x86)\Microsoft SQL Server\120\Tools\Binn\;C:\Program Files (x86)\Microsoft SQL Server\120\DTS\Binn\;C:\Program Files\apache-maven-3.5.3\bin;C:\Program Files\Microsoft VS Code\bin;C:\bin;C:\Program Files (x86)\Yarn\bin\;C:\Program Files\dotnet\;C:\Users\D-TKalaitzidis\AppData\Local\Microsoft\WindowsApps;;C:\Program Files\Microsoft VS Code\bin;C:\Users\D-TKalaitzidis\AppData\Local\Yarn\bin;C:\Users\D-TKalaitzidis\.dotnet\tools

Yarn version: 
  1.12.3

Node version: 
  8.9.4

Platform: 
  win32 x64

Trace: 
  Error: getaddrinfo ENOTFOUND registry.yarnpkg.com registry.yarnpkg.com:443
      at errnoException (dns.js:50:10)
      at GetAddrInfoReqWrap.onlookup [as oncomplete] (dns.js:92:26)

npm manifest: 
  {
      "name": "svg-gr-test",
      "dependencies": {
          "axios": "^0.18.0",
          "fs": "^0.0.1-security",
          "simplify-js": "^1.2.3"
      }
  }

yarn manifest: 
  No manifest

Lockfile: 
  # THIS IS AN AUTOGENERATED FILE. DO NOT EDIT THIS FILE DIRECTLY.
  # yarn lockfile v1
  
  
  axios@^0.18.0:
    version "0.18.0"
    resolved "https://registry.yarnpkg.com/axios/-/axios-0.18.0.tgz#32d53e4851efdc0a11993b6cd000789d70c05102"
    dependencies:
      follow-redirects "^1.3.0"
      is-buffer "^1.1.5"
  
  debug@=3.1.0:
    version "3.1.0"
    resolved "https://registry.yarnpkg.com/debug/-/debug-3.1.0.tgz#5bb5a0672628b64149566ba16819e61518c67261"
    dependencies:
      ms "2.0.0"
  
  follow-redirects@^1.3.0:
    version "1.6.1"
    resolved "https://registry.yarnpkg.com/follow-redirects/-/follow-redirects-1.6.1.tgz#514973c44b5757368bad8bddfe52f81f015c94cb"
    dependencies:
      debug "=3.1.0"
  
  fs@^0.0.1-security:
    version "0.0.1-security"
    resolved "https://registry.yarnpkg.com/fs/-/fs-0.0.1-security.tgz#8a7bd37186b6dddf3813f23858b57ecaaf5e41d4"
  
  is-buffer@^1.1.5:
    version "1.1.6"
    resolved "https://registry.yarnpkg.com/is-buffer/-/is-buffer-1.1.6.tgz#efaa2ea9daa0d7ab2ea13a97b2b8ad51fefbe8be"
  
  ms@2.0.0:
    version "2.0.0"
    resolved "https://registry.yarnpkg.com/ms/-/ms-2.0.0.tgz#5608aeadfc00be6c2901df5f9861788de0d597c8"
  
  simplify-js@^1.2.3:
    version "1.2.3"
    resolved "https://registry.yarnpkg.com/simplify-js/-/simplify-js-1.2.3.tgz#a3422c1b9884d60421345eb44d2b872662df27f5"
